<?xml version="1.0" encoding="UTF-8"?>
<!-- Generated by org.testng.reporters.JUnitXMLReporter -->
<testsuite hostname="DESKTOP-MMGRP4T" ignored="1" name="Test" tests="3" failures="1" timestamp="12 Dec 2018 21:38:19 GMT" time="13.491" errors="0">
  <testcase name="ProductTest" time="1.365" classname="pomDesign.AllOrdersLoginPage">
    <failure type="java.lang.AssertionError" message="expected [$1000] but found [$100]">
      <![CDATA[java.lang.AssertionError: expected [$1000] but found [$100]
at pomDesign.AllOrdersLoginPage.ProductTest(AllOrdersLoginPage.java:92)
... Removed 34 stack frames]]>
    </failure>
  </testcase> <!-- ProductTest -->
  <testcase name="ErrorMessagePOM" time="0.308" classname="pomDesign.webOrderLoginPage"/>
  <testcase name="loginUsingPOM" time="0.228" classname="pomDesign.webOrderLoginPage"/>
  <testcase name="labelsVerification" time="0.0" classname="pomDesign.AllOrdersLoginPage">
    <ignored/>
  </testcase> <!-- labelsVerification -->
</testsuite> <!-- Test -->
